
An error occurred while loading ./spec/models/book_spec.rb.
[31mFailure/Error:[0m
[31m    validates :introduction, [0m
[31m  [0m
[31m  [0m
[31m    def get_profile_image[0m
[31m      (profile_image.attached?) ? profile_image : 'no_image.jpg'[0m
[31m    end[0m
[31m[0m
[31mArgumentError:[0m
[31m  You need to supply at least one validation[0m
[36m# /home/ec2-user/.rvm/gems/ruby-2.6.3/gems/activemodel-6.1.4/lib/active_model/validations/validates.rb:111:in `validates'[0m
[36m# ./app/models/user.rb:11:in `<class:User>'[0m
[36m# ./app/models/user.rb:1:in `<main>'[0m
[36m# /home/ec2-user/.rvm/gems/ruby-2.6.3/gems/bootsnap-1.7.6/lib/bootsnap/load_path_cache/core_ext/kernel_require.rb:23:in `require'[0m
[36m# /home/ec2-user/.rvm/gems/ruby-2.6.3/gems/bootsnap-1.7.6/lib/bootsnap/load_path_cache/core_ext/kernel_require.rb:23:in `block in require_with_bootsnap_lfi'[0m
[36m# /home/ec2-user/.rvm/gems/ruby-2.6.3/gems/bootsnap-1.7.6/lib/bootsnap/load_path_cache/loaded_features_index.rb:92:in `register'[0m
[36m# /home/ec2-user/.rvm/gems/ruby-2.6.3/gems/bootsnap-1.7.6/lib/bootsnap/load_path_cache/core_ext/kernel_require.rb:22:in `require_with_bootsnap_lfi'[0m
[36m# /home/ec2-user/.rvm/gems/ruby-2.6.3/gems/bootsnap-1.7.6/lib/bootsnap/load_path_cache/core_ext/kernel_require.rb:31:in `require'[0m
[36m# /home/ec2-user/.rvm/gems/ruby-2.6.3/gems/zeitwerk-2.4.2/lib/zeitwerk/kernel.rb:26:in `require'[0m
[36m# /home/ec2-user/.rvm/gems/ruby-2.6.3/gems/activesupport-6.1.4/lib/active_support/inflector/methods.rb:274:in `const_get'[0m
[36m# /home/ec2-user/.rvm/gems/ruby-2.6.3/gems/activesupport-6.1.4/lib/active_support/inflector/methods.rb:274:in `constantize'[0m
[36m# /home/ec2-user/.rvm/gems/ruby-2.6.3/gems/activesupport-6.1.4/lib/active_support/dependencies/zeitwerk_integration.rb:19:in `constantize'[0m
[36m# /home/ec2-user/.rvm/gems/ruby-2.6.3/gems/devise-4.8.0/lib/devise.rb:316:in `get'[0m
[36m# /home/ec2-user/.rvm/gems/ruby-2.6.3/gems/devise-4.8.0/lib/devise/mapping.rb:83:in `to'[0m
[36m# /home/ec2-user/.rvm/gems/ruby-2.6.3/gems/devise-4.8.0/lib/devise/mapping.rb:78:in `modules'[0m
[36m# /home/ec2-user/.rvm/gems/ruby-2.6.3/gems/devise-4.8.0/lib/devise/mapping.rb:95:in `routes'[0m
[36m# /home/ec2-user/.rvm/gems/ruby-2.6.3/gems/devise-4.8.0/lib/devise/mapping.rb:162:in `default_used_route'[0m
[36m# /home/ec2-user/.rvm/gems/ruby-2.6.3/gems/devise-4.8.0/lib/devise/mapping.rb:72:in `initialize'[0m
[36m# /home/ec2-user/.rvm/gems/ruby-2.6.3/gems/devise-4.8.0/lib/devise.rb:346:in `new'[0m
[36m# /home/ec2-user/.rvm/gems/ruby-2.6.3/gems/devise-4.8.0/lib/devise.rb:346:in `add_mapping'[0m
[36m# /home/ec2-user/.rvm/gems/ruby-2.6.3/gems/devise-4.8.0/lib/devise/rails/routes.rb:243:in `block in devise_for'[0m
[36m# /home/ec2-user/.rvm/gems/ruby-2.6.3/gems/devise-4.8.0/lib/devise/rails/routes.rb:242:in `each'[0m
[36m# /home/ec2-user/.rvm/gems/ruby-2.6.3/gems/devise-4.8.0/lib/devise/rails/routes.rb:242:in `devise_for'[0m
[36m# ./config/routes.rb:2:in `block in <main>'[0m
[36m# /home/ec2-user/.rvm/gems/ruby-2.6.3/gems/actionpack-6.1.4/lib/action_dispatch/routing/route_set.rb:427:in `instance_exec'[0m
[36m# /home/ec2-user/.rvm/gems/ruby-2.6.3/gems/actionpack-6.1.4/lib/action_dispatch/routing/route_set.rb:427:in `eval_block'[0m
[36m# /home/ec2-user/.rvm/gems/ruby-2.6.3/gems/actionpack-6.1.4/lib/action_dispatch/routing/route_set.rb:409:in `draw'[0m
[36m# ./config/routes.rb:1:in `<main>'[0m
[36m# /home/ec2-user/.rvm/gems/ruby-2.6.3/gems/bootsnap-1.7.6/lib/bootsnap/load_path_cache/core_ext/kernel_require.rb:59:in `load'[0m
[36m# /home/ec2-user/.rvm/gems/ruby-2.6.3/gems/bootsnap-1.7.6/lib/bootsnap/load_path_cache/core_ext/kernel_require.rb:59:in `load'[0m
[36m# /home/ec2-user/.rvm/gems/ruby-2.6.3/gems/railties-6.1.4/lib/rails/application/routes_reloader.rb:47:in `block in load_paths'[0m
[36m# /home/ec2-user/.rvm/gems/ruby-2.6.3/gems/railties-6.1.4/lib/rails/application/routes_reloader.rb:47:in `each'[0m
[36m# /home/ec2-user/.rvm/gems/ruby-2.6.3/gems/railties-6.1.4/lib/rails/application/routes_reloader.rb:47:in `load_paths'[0m
[36m# /home/ec2-user/.rvm/gems/ruby-2.6.3/gems/railties-6.1.4/lib/rails/application/routes_reloader.rb:21:in `reload!'[0m
[36m# /home/ec2-user/.rvm/gems/ruby-2.6.3/gems/railties-6.1.4/lib/rails/application/routes_reloader.rb:35:in `block in updater'[0m
[36m# /home/ec2-user/.rvm/gems/ruby-2.6.3/gems/activesupport-6.1.4/lib/active_support/file_update_checker.rb:83:in `execute'[0m
[36m# /home/ec2-user/.rvm/gems/ruby-2.6.3/gems/railties-6.1.4/lib/rails/application/routes_reloader.rb:10:in `execute'[0m
[36m# /home/ec2-user/.rvm/gems/ruby-2.6.3/gems/railties-6.1.4/lib/rails/application/finisher.rb:195:in `block in <module:Finisher>'[0m
[36m# /home/ec2-user/.rvm/gems/ruby-2.6.3/gems/railties-6.1.4/lib/rails/initializable.rb:32:in `instance_exec'[0m
[36m# /home/ec2-user/.rvm/gems/ruby-2.6.3/gems/railties-6.1.4/lib/rails/initializable.rb:32:in `run'[0m
[36m# /home/ec2-user/.rvm/gems/ruby-2.6.3/gems/railties-6.1.4/lib/rails/initializable.rb:61:in `block in run_initializers'[0m
[36m# /home/ec2-user/.rvm/gems/ruby-2.6.3/gems/railties-6.1.4/lib/rails/initializable.rb:60:in `run_initializers'[0m
[36m# /home/ec2-user/.rvm/gems/ruby-2.6.3/gems/railties-6.1.4/lib/rails/application.rb:391:in `initialize!'[0m
[36m# ./config/environment.rb:5:in `<top (required)>'[0m
[36m# ./spec/rails_helper.rb:4:in `require'[0m
[36m# ./spec/rails_helper.rb:4:in `<top (required)>'[0m
[36m# ./spec/models/book_spec.rb:1:in `require'[0m
[36m# ./spec/models/book_spec.rb:1:in `<top (required)>'[0m

An error occurred while loading ./spec/models/user_spec.rb.
[31mFailure/Error: require File.expand_path('../../config/environment', __FILE__)[0m
[31m[0m
[31mFrozenError:[0m
[31m  can't modify frozen Array[0m
[36m# /home/ec2-user/.rvm/gems/ruby-2.6.3/gems/railties-6.1.4/lib/rails/engine.rb:588:in `unshift'[0m
[36m# /home/ec2-user/.rvm/gems/ruby-2.6.3/gems/railties-6.1.4/lib/rails/engine.rb:588:in `block in <class:Engine>'[0m
[36m# /home/ec2-user/.rvm/gems/ruby-2.6.3/gems/railties-6.1.4/lib/rails/initializable.rb:32:in `instance_exec'[0m
[36m# /home/ec2-user/.rvm/gems/ruby-2.6.3/gems/railties-6.1.4/lib/rails/initializable.rb:32:in `run'[0m
[36m# /home/ec2-user/.rvm/gems/ruby-2.6.3/gems/railties-6.1.4/lib/rails/initializable.rb:61:in `block in run_initializers'[0m
[36m# /home/ec2-user/.rvm/gems/ruby-2.6.3/gems/railties-6.1.4/lib/rails/initializable.rb:50:in `each'[0m
[36m# /home/ec2-user/.rvm/gems/ruby-2.6.3/gems/railties-6.1.4/lib/rails/initializable.rb:50:in `tsort_each_child'[0m
[36m# /home/ec2-user/.rvm/gems/ruby-2.6.3/gems/railties-6.1.4/lib/rails/initializable.rb:60:in `run_initializers'[0m
[36m# /home/ec2-user/.rvm/gems/ruby-2.6.3/gems/railties-6.1.4/lib/rails/application.rb:391:in `initialize!'[0m
[36m# ./config/environment.rb:5:in `<main>'[0m
[36m# /home/ec2-user/.rvm/gems/ruby-2.6.3/gems/bootsnap-1.7.6/lib/bootsnap/load_path_cache/core_ext/kernel_require.rb:23:in `require'[0m
[36m# /home/ec2-user/.rvm/gems/ruby-2.6.3/gems/bootsnap-1.7.6/lib/bootsnap/load_path_cache/core_ext/kernel_require.rb:23:in `block in require_with_bootsnap_lfi'[0m
[36m# /home/ec2-user/.rvm/gems/ruby-2.6.3/gems/bootsnap-1.7.6/lib/bootsnap/load_path_cache/loaded_features_index.rb:92:in `register'[0m
[36m# /home/ec2-user/.rvm/gems/ruby-2.6.3/gems/bootsnap-1.7.6/lib/bootsnap/load_path_cache/core_ext/kernel_require.rb:22:in `require_with_bootsnap_lfi'[0m
[36m# /home/ec2-user/.rvm/gems/ruby-2.6.3/gems/bootsnap-1.7.6/lib/bootsnap/load_path_cache/core_ext/kernel_require.rb:31:in `require'[0m
[36m# /home/ec2-user/.rvm/gems/ruby-2.6.3/gems/zeitwerk-2.4.2/lib/zeitwerk/kernel.rb:34:in `require'[0m
[36m# ./spec/rails_helper.rb:4:in `<main>'[0m
[36m# /home/ec2-user/.rvm/gems/ruby-2.6.3/gems/bootsnap-1.7.6/lib/bootsnap/load_path_cache/core_ext/kernel_require.rb:23:in `require'[0m
[36m# /home/ec2-user/.rvm/gems/ruby-2.6.3/gems/bootsnap-1.7.6/lib/bootsnap/load_path_cache/core_ext/kernel_require.rb:23:in `block in require_with_bootsnap_lfi'[0m
[36m# /home/ec2-user/.rvm/gems/ruby-2.6.3/gems/bootsnap-1.7.6/lib/bootsnap/load_path_cache/loaded_features_index.rb:92:in `register'[0m
[36m# /home/ec2-user/.rvm/gems/ruby-2.6.3/gems/bootsnap-1.7.6/lib/bootsnap/load_path_cache/core_ext/kernel_require.rb:22:in `require_with_bootsnap_lfi'[0m
[36m# /home/ec2-user/.rvm/gems/ruby-2.6.3/gems/bootsnap-1.7.6/lib/bootsnap/load_path_cache/core_ext/kernel_require.rb:31:in `require'[0m
[36m# /home/ec2-user/.rvm/gems/ruby-2.6.3/gems/zeitwerk-2.4.2/lib/zeitwerk/kernel.rb:34:in `require'[0m
[36m# ./spec/models/user_spec.rb:1:in `<main>'[0m
[36m# /home/ec2-user/.rvm/gems/ruby-2.6.3/gems/bootsnap-1.7.6/lib/bootsnap/load_path_cache/core_ext/kernel_require.rb:59:in `load'[0m
[36m# /home/ec2-user/.rvm/gems/ruby-2.6.3/gems/bootsnap-1.7.6/lib/bootsnap/load_path_cache/core_ext/kernel_require.rb:59:in `load'[0m

An error occurred while loading ./spec/system/01_before_login_spec.rb.
[31mFailure/Error: require File.expand_path('../../config/environment', __FILE__)[0m
[31m[0m
[31mFrozenError:[0m
[31m  can't modify frozen Array[0m
[36m# /home/ec2-user/.rvm/gems/ruby-2.6.3/gems/railties-6.1.4/lib/rails/engine.rb:588:in `unshift'[0m
[36m# /home/ec2-user/.rvm/gems/ruby-2.6.3/gems/railties-6.1.4/lib/rails/engine.rb:588:in `block in <class:Engine>'[0m
[36m# /home/ec2-user/.rvm/gems/ruby-2.6.3/gems/railties-6.1.4/lib/rails/initializable.rb:32:in `instance_exec'[0m
[36m# /home/ec2-user/.rvm/gems/ruby-2.6.3/gems/railties-6.1.4/lib/rails/initializable.rb:32:in `run'[0m
[36m# /home/ec2-user/.rvm/gems/ruby-2.6.3/gems/railties-6.1.4/lib/rails/initializable.rb:61:in `block in run_initializers'[0m
[36m# /home/ec2-user/.rvm/gems/ruby-2.6.3/gems/railties-6.1.4/lib/rails/initializable.rb:50:in `each'[0m
[36m# /home/ec2-user/.rvm/gems/ruby-2.6.3/gems/railties-6.1.4/lib/rails/initializable.rb:50:in `tsort_each_child'[0m
[36m# /home/ec2-user/.rvm/gems/ruby-2.6.3/gems/railties-6.1.4/lib/rails/initializable.rb:60:in `run_initializers'[0m
[36m# /home/ec2-user/.rvm/gems/ruby-2.6.3/gems/railties-6.1.4/lib/rails/application.rb:391:in `initialize!'[0m
[36m# ./config/environment.rb:5:in `<main>'[0m
[36m# /home/ec2-user/.rvm/gems/ruby-2.6.3/gems/bootsnap-1.7.6/lib/bootsnap/load_path_cache/core_ext/kernel_require.rb:23:in `require'[0m
[36m# /home/ec2-user/.rvm/gems/ruby-2.6.3/gems/bootsnap-1.7.6/lib/bootsnap/load_path_cache/core_ext/kernel_require.rb:23:in `block in require_with_bootsnap_lfi'[0m
[36m# /home/ec2-user/.rvm/gems/ruby-2.6.3/gems/bootsnap-1.7.6/lib/bootsnap/load_path_cache/loaded_features_index.rb:92:in `register'[0m
[36m# /home/ec2-user/.rvm/gems/ruby-2.6.3/gems/bootsnap-1.7.6/lib/bootsnap/load_path_cache/core_ext/kernel_require.rb:22:in `require_with_bootsnap_lfi'[0m
[36m# /home/ec2-user/.rvm/gems/ruby-2.6.3/gems/bootsnap-1.7.6/lib/bootsnap/load_path_cache/core_ext/kernel_require.rb:31:in `require'[0m
[36m# /home/ec2-user/.rvm/gems/ruby-2.6.3/gems/zeitwerk-2.4.2/lib/zeitwerk/kernel.rb:34:in `require'[0m
[36m# ./spec/rails_helper.rb:4:in `<main>'[0m
[36m# /home/ec2-user/.rvm/gems/ruby-2.6.3/gems/bootsnap-1.7.6/lib/bootsnap/load_path_cache/core_ext/kernel_require.rb:23:in `require'[0m
[36m# /home/ec2-user/.rvm/gems/ruby-2.6.3/gems/bootsnap-1.7.6/lib/bootsnap/load_path_cache/core_ext/kernel_require.rb:23:in `block in require_with_bootsnap_lfi'[0m
[36m# /home/ec2-user/.rvm/gems/ruby-2.6.3/gems/bootsnap-1.7.6/lib/bootsnap/load_path_cache/loaded_features_index.rb:92:in `register'[0m
[36m# /home/ec2-user/.rvm/gems/ruby-2.6.3/gems/bootsnap-1.7.6/lib/bootsnap/load_path_cache/core_ext/kernel_require.rb:22:in `require_with_bootsnap_lfi'[0m
[36m# /home/ec2-user/.rvm/gems/ruby-2.6.3/gems/bootsnap-1.7.6/lib/bootsnap/load_path_cache/core_ext/kernel_require.rb:31:in `require'[0m
[36m# /home/ec2-user/.rvm/gems/ruby-2.6.3/gems/zeitwerk-2.4.2/lib/zeitwerk/kernel.rb:34:in `require'[0m
[36m# ./spec/system/01_before_login_spec.rb:1:in `<main>'[0m
[36m# /home/ec2-user/.rvm/gems/ruby-2.6.3/gems/bootsnap-1.7.6/lib/bootsnap/load_path_cache/core_ext/kernel_require.rb:59:in `load'[0m
[36m# /home/ec2-user/.rvm/gems/ruby-2.6.3/gems/bootsnap-1.7.6/lib/bootsnap/load_path_cache/core_ext/kernel_require.rb:59:in `load'[0m

An error occurred while loading ./spec/system/02_after_login_spec.rb.
[31mFailure/Error: require File.expand_path('../../config/environment', __FILE__)[0m
[31m[0m
[31mFrozenError:[0m
[31m  can't modify frozen Array[0m
[36m# /home/ec2-user/.rvm/gems/ruby-2.6.3/gems/railties-6.1.4/lib/rails/engine.rb:588:in `unshift'[0m
[36m# /home/ec2-user/.rvm/gems/ruby-2.6.3/gems/railties-6.1.4/lib/rails/engine.rb:588:in `block in <class:Engine>'[0m
[36m# /home/ec2-user/.rvm/gems/ruby-2.6.3/gems/railties-6.1.4/lib/rails/initializable.rb:32:in `instance_exec'[0m
[36m# /home/ec2-user/.rvm/gems/ruby-2.6.3/gems/railties-6.1.4/lib/rails/initializable.rb:32:in `run'[0m
[36m# /home/ec2-user/.rvm/gems/ruby-2.6.3/gems/railties-6.1.4/lib/rails/initializable.rb:61:in `block in run_initializers'[0m
[36m# /home/ec2-user/.rvm/gems/ruby-2.6.3/gems/railties-6.1.4/lib/rails/initializable.rb:50:in `each'[0m
[36m# /home/ec2-user/.rvm/gems/ruby-2.6.3/gems/railties-6.1.4/lib/rails/initializable.rb:50:in `tsort_each_child'[0m
[36m# /home/ec2-user/.rvm/gems/ruby-2.6.3/gems/railties-6.1.4/lib/rails/initializable.rb:60:in `run_initializers'[0m
[36m# /home/ec2-user/.rvm/gems/ruby-2.6.3/gems/railties-6.1.4/lib/rails/application.rb:391:in `initialize!'[0m
[36m# ./config/environment.rb:5:in `<main>'[0m
[36m# /home/ec2-user/.rvm/gems/ruby-2.6.3/gems/bootsnap-1.7.6/lib/bootsnap/load_path_cache/core_ext/kernel_require.rb:23:in `require'[0m
[36m# /home/ec2-user/.rvm/gems/ruby-2.6.3/gems/bootsnap-1.7.6/lib/bootsnap/load_path_cache/core_ext/kernel_require.rb:23:in `block in require_with_bootsnap_lfi'[0m
[36m# /home/ec2-user/.rvm/gems/ruby-2.6.3/gems/bootsnap-1.7.6/lib/bootsnap/load_path_cache/loaded_features_index.rb:92:in `register'[0m
[36m# /home/ec2-user/.rvm/gems/ruby-2.6.3/gems/bootsnap-1.7.6/lib/bootsnap/load_path_cache/core_ext/kernel_require.rb:22:in `require_with_bootsnap_lfi'[0m
[36m# /home/ec2-user/.rvm/gems/ruby-2.6.3/gems/bootsnap-1.7.6/lib/bootsnap/load_path_cache/core_ext/kernel_require.rb:31:in `require'[0m
[36m# /home/ec2-user/.rvm/gems/ruby-2.6.3/gems/zeitwerk-2.4.2/lib/zeitwerk/kernel.rb:34:in `require'[0m
[36m# ./spec/rails_helper.rb:4:in `<main>'[0m
[36m# /home/ec2-user/.rvm/gems/ruby-2.6.3/gems/bootsnap-1.7.6/lib/bootsnap/load_path_cache/core_ext/kernel_require.rb:23:in `require'[0m
[36m# /home/ec2-user/.rvm/gems/ruby-2.6.3/gems/bootsnap-1.7.6/lib/bootsnap/load_path_cache/core_ext/kernel_require.rb:23:in `block in require_with_bootsnap_lfi'[0m
[36m# /home/ec2-user/.rvm/gems/ruby-2.6.3/gems/bootsnap-1.7.6/lib/bootsnap/load_path_cache/loaded_features_index.rb:92:in `register'[0m
[36m# /home/ec2-user/.rvm/gems/ruby-2.6.3/gems/bootsnap-1.7.6/lib/bootsnap/load_path_cache/core_ext/kernel_require.rb:22:in `require_with_bootsnap_lfi'[0m
[36m# /home/ec2-user/.rvm/gems/ruby-2.6.3/gems/bootsnap-1.7.6/lib/bootsnap/load_path_cache/core_ext/kernel_require.rb:31:in `require'[0m
[36m# /home/ec2-user/.rvm/gems/ruby-2.6.3/gems/zeitwerk-2.4.2/lib/zeitwerk/kernel.rb:34:in `require'[0m
[36m# ./spec/system/02_after_login_spec.rb:1:in `<main>'[0m
[36m# /home/ec2-user/.rvm/gems/ruby-2.6.3/gems/bootsnap-1.7.6/lib/bootsnap/load_path_cache/core_ext/kernel_require.rb:59:in `load'[0m
[36m# /home/ec2-user/.rvm/gems/ruby-2.6.3/gems/bootsnap-1.7.6/lib/bootsnap/load_path_cache/core_ext/kernel_require.rb:59:in `load'[0m

An error occurred while loading ./spec/system/03_finishing_touches_spec.rb.
[31mFailure/Error: require File.expand_path('../../config/environment', __FILE__)[0m
[31m[0m
[31mFrozenError:[0m
[31m  can't modify frozen Array[0m
[36m# /home/ec2-user/.rvm/gems/ruby-2.6.3/gems/railties-6.1.4/lib/rails/engine.rb:588:in `unshift'[0m
[36m# /home/ec2-user/.rvm/gems/ruby-2.6.3/gems/railties-6.1.4/lib/rails/engine.rb:588:in `block in <class:Engine>'[0m
[36m# /home/ec2-user/.rvm/gems/ruby-2.6.3/gems/railties-6.1.4/lib/rails/initializable.rb:32:in `instance_exec'[0m
[36m# /home/ec2-user/.rvm/gems/ruby-2.6.3/gems/railties-6.1.4/lib/rails/initializable.rb:32:in `run'[0m
[36m# /home/ec2-user/.rvm/gems/ruby-2.6.3/gems/railties-6.1.4/lib/rails/initializable.rb:61:in `block in run_initializers'[0m
[36m# /home/ec2-user/.rvm/gems/ruby-2.6.3/gems/railties-6.1.4/lib/rails/initializable.rb:50:in `each'[0m
[36m# /home/ec2-user/.rvm/gems/ruby-2.6.3/gems/railties-6.1.4/lib/rails/initializable.rb:50:in `tsort_each_child'[0m
[36m# /home/ec2-user/.rvm/gems/ruby-2.6.3/gems/railties-6.1.4/lib/rails/initializable.rb:60:in `run_initializers'[0m
[36m# /home/ec2-user/.rvm/gems/ruby-2.6.3/gems/railties-6.1.4/lib/rails/application.rb:391:in `initialize!'[0m
[36m# ./config/environment.rb:5:in `<main>'[0m
[36m# /home/ec2-user/.rvm/gems/ruby-2.6.3/gems/bootsnap-1.7.6/lib/bootsnap/load_path_cache/core_ext/kernel_require.rb:23:in `require'[0m
[36m# /home/ec2-user/.rvm/gems/ruby-2.6.3/gems/bootsnap-1.7.6/lib/bootsnap/load_path_cache/core_ext/kernel_require.rb:23:in `block in require_with_bootsnap_lfi'[0m
[36m# /home/ec2-user/.rvm/gems/ruby-2.6.3/gems/bootsnap-1.7.6/lib/bootsnap/load_path_cache/loaded_features_index.rb:92:in `register'[0m
[36m# /home/ec2-user/.rvm/gems/ruby-2.6.3/gems/bootsnap-1.7.6/lib/bootsnap/load_path_cache/core_ext/kernel_require.rb:22:in `require_with_bootsnap_lfi'[0m
[36m# /home/ec2-user/.rvm/gems/ruby-2.6.3/gems/bootsnap-1.7.6/lib/bootsnap/load_path_cache/core_ext/kernel_require.rb:31:in `require'[0m
[36m# /home/ec2-user/.rvm/gems/ruby-2.6.3/gems/zeitwerk-2.4.2/lib/zeitwerk/kernel.rb:34:in `require'[0m
[36m# ./spec/rails_helper.rb:4:in `<main>'[0m
[36m# /home/ec2-user/.rvm/gems/ruby-2.6.3/gems/bootsnap-1.7.6/lib/bootsnap/load_path_cache/core_ext/kernel_require.rb:23:in `require'[0m
[36m# /home/ec2-user/.rvm/gems/ruby-2.6.3/gems/bootsnap-1.7.6/lib/bootsnap/load_path_cache/core_ext/kernel_require.rb:23:in `block in require_with_bootsnap_lfi'[0m
[36m# /home/ec2-user/.rvm/gems/ruby-2.6.3/gems/bootsnap-1.7.6/lib/bootsnap/load_path_cache/loaded_features_index.rb:92:in `register'[0m
[36m# /home/ec2-user/.rvm/gems/ruby-2.6.3/gems/bootsnap-1.7.6/lib/bootsnap/load_path_cache/core_ext/kernel_require.rb:22:in `require_with_bootsnap_lfi'[0m
[36m# /home/ec2-user/.rvm/gems/ruby-2.6.3/gems/bootsnap-1.7.6/lib/bootsnap/load_path_cache/core_ext/kernel_require.rb:31:in `require'[0m
[36m# /home/ec2-user/.rvm/gems/ruby-2.6.3/gems/zeitwerk-2.4.2/lib/zeitwerk/kernel.rb:34:in `require'[0m
[36m# ./spec/system/03_finishing_touches_spec.rb:1:in `<main>'[0m
[36m# /home/ec2-user/.rvm/gems/ruby-2.6.3/gems/bootsnap-1.7.6/lib/bootsnap/load_path_cache/core_ext/kernel_require.rb:59:in `load'[0m
[36m# /home/ec2-user/.rvm/gems/ruby-2.6.3/gems/bootsnap-1.7.6/lib/bootsnap/load_path_cache/core_ext/kernel_require.rb:59:in `load'[0m
No examples found.

Finished in 0.00005 seconds (files took 0.8817 seconds to load)
[31m0 examples, 0 failures, 5 errors occurred outside of examples[0m

